2002.04.22 01:52 B C:\Documents and Settings\monkey\Desktop\site\bam.html --> members.cox.net /site bam.html
2002.04.22 01:52 B C:\Documents and Settings\monkey\Desktop\site\bottom.html --> members.cox.net /site bottom.html
2002.04.22 01:52 B C:\Documents and Settings\monkey\Desktop\site\esos.html --> members.cox.net /site esos.html
2002.04.22 01:52 B C:\Documents and Settings\monkey\Desktop\site\footprints.jpg --> members.cox.net /site footprints.jpg
2002.04.22 01:52 B C:\Documents and Settings\monkey\Desktop\site\frames.html --> members.cox.net /site frames.html
2002.04.22 01:52 B C:\Documents and Settings\monkey\Desktop\site\frameset.html --> members.cox.net /site frameset.html
2002.04.22 01:52 B C:\Documents and Settings\monkey\Desktop\site\left.html --> members.cox.net /site left.html
2002.04.22 01:52 B C:\Documents and Settings\monkey\Desktop\site\line.jpg --> members.cox.net /site line.jpg
2002.04.22 01:52 B C:\Documents and Settings\monkey\Desktop\site\main.html --> members.cox.net /site main.html
2002.04.22 01:52 B C:\Documents and Settings\monkey\Desktop\site\poetry.html --> members.cox.net /site poetry.html
2002.04.22 01:52 B C:\Documents and Settings\monkey\Desktop\site\right.html --> members.cox.net /site right.html
2002.04.22 01:52 B C:\Documents and Settings\monkey\Desktop\site\title2.jpg --> members.cox.net /site title2.jpg
2002.04.22 01:52 B C:\Documents and Settings\monkey\Desktop\site\top.html --> members.cox.net /site top.html
2002.04.22 01:52 B C:\Documents and Settings\monkey\Desktop\site\vertline.jpg --> members.cox.net /site vertline.jpg
2002.05.01 00:27 B C:\Documents and Settings\monkey\Desktop\site\art.html --> members.cox.net /site art.html
2002.05.01 00:27 B C:\Documents and Settings\monkey\Desktop\site\art2.html --> members.cox.net /site art2.html
2002.05.01 00:27 B C:\Documents and Settings\monkey\Desktop\site\art3.html --> members.cox.net /site art3.html
2002.05.01 00:27 B C:\Documents and Settings\monkey\Desktop\site\bam.html --> members.cox.net /site bam.html
2002.05.01 00:27 B C:\Documents and Settings\monkey\Desktop\site\bottom.html --> members.cox.net /site bottom.html
2002.05.01 00:27 B C:\Documents and Settings\monkey\Desktop\site\credits.html --> members.cox.net /site credits.html
2002.05.01 00:27 B C:\Documents and Settings\monkey\Desktop\site\footprints.jpg --> members.cox.net /site footprints.jpg
2002.05.01 00:27 B C:\Documents and Settings\monkey\Desktop\site\frames.html --> members.cox.net /site frames.html
2002.05.01 00:27 B C:\Documents and Settings\monkey\Desktop\site\frameset.html --> members.cox.net /site frameset.html
2002.05.01 00:27 B C:\Documents and Settings\monkey\Desktop\site\info.html --> members.cox.net /site info.html
2002.05.01 00:27 B C:\Documents and Settings\monkey\Desktop\site\left.html --> members.cox.net /site left.html
2002.05.01 00:27 B C:\Documents and Settings\monkey\Desktop\site\line.jpg --> members.cox.net /site line.jpg
2002.05.01 00:27 B C:\Documents and Settings\monkey\Desktop\site\main.html --> members.cox.net /site main.html
2002.05.01 00:27 B C:\Documents and Settings\monkey\Desktop\site\poetry.html --> members.cox.net /site poetry.html
2002.05.01 00:27 B C:\Documents and Settings\monkey\Desktop\site\poetry2.html --> members.cox.net /site poetry2.html
2002.05.01 00:27 B C:\Documents and Settings\monkey\Desktop\site\poetry3.html --> members.cox.net /site poetry3.html
2002.05.01 00:27 B C:\Documents and Settings\monkey\Desktop\site\poetry4.html --> members.cox.net /site poetry4.html
2002.05.01 00:27 B C:\Documents and Settings\monkey\Desktop\site\poetry5.html --> members.cox.net /site poetry5.html
2002.05.01 00:27 B C:\Documents and Settings\monkey\Desktop\site\right.html --> members.cox.net /site right.html
2002.05.01 00:27 B C:\Documents and Settings\monkey\Desktop\site\small.html --> members.cox.net /site small.html
2002.05.01 00:27 B C:\Documents and Settings\monkey\Desktop\site\smallleft.html --> members.cox.net /site smallleft.html
2002.05.01 00:27 B C:\Documents and Settings\monkey\Desktop\site\stories.html --> members.cox.net /site stories.html
2002.05.01 00:27 B C:\Documents and Settings\monkey\Desktop\site\stories2.html --> members.cox.net /site stories2.html
2002.05.01 00:27 B C:\Documents and Settings\monkey\Desktop\site\submissions.html --> members.cox.net /site submissions.html
2002.05.01 00:27 B C:\Documents and Settings\monkey\Desktop\site\title2.jpg --> members.cox.net /site title2.jpg
2002.05.01 00:27 B C:\Documents and Settings\monkey\Desktop\site\top.html --> members.cox.net /site top.html
2002.05.01 00:27 B C:\Documents and Settings\monkey\Desktop\site\vertline.jpg --> members.cox.net /site vertline.jpg
2002.05.01 00:27 B C:\Documents and Settings\monkey\Desktop\site\WS_FTP.LOG --> members.cox.net /site WS_FTP.LOG
